<?xml version="1.0" encoding="UTF-8"?>
<testsuite xmlns:xsi="http://www.w3.org/2001/XMLSchema-instance" xsi:noNamespaceSchemaLocation="https://maven.apache.org/surefire/maven-surefire-plugin/xsd/surefire-test-report-3.0.xsd" version="3.0" name="AssassinTest" time="0.133" tests="5" errors="0" skipped="0" failures="0">
  <properties>
[...]
</properties>
  <testcase name="showStats" classname="AssassinTest" time="0.068">
    <system-out><![CDATA[Strength: 15
Dexterity: 20
Intelligence: 10
HP: 150
MP: 40
Dodge: 10
Armor: 60
Critical attack chance: 10
]]></system-out>
  </testcase>
  <testcase name="rest" classname="AssassinTest" time="0.009">
    <system-out><![CDATA[My hero
HP: 150 MP: 40
My hero
HP: 150 MP: 40
]]></system-out>
  </testcase>
  <testcase name="duelStats" classname="AssassinTest" time="0.003">
    <system-out><![CDATA[My hero
HP: 150 MP: 40
]]></system-out>
  </testcase>
  <testcase name="lvlUP" classname="AssassinTest" time="0.008">
    <system-out><![CDATA[You need 100 experience points to next level
]]></system-out>
  </testcase>
  <testcase name="skills" classname="AssassinTest" time="0.002">
    <system-out><![CDATA[1.Hit in the back (20MP)
2.Boost dodge and dexterity (20MP)
3.Critical attack (30MP)
Enemy:
HP: 200 MP: 0
You missed
]]></system-out>
  </testcase>
</testsuite>